{"/Users/wilkerribeiro/.gemini/antigravity/playground/orbital-orion/src/core/result.ts": {"path":"/Users/wilkerribeiro/.gemini/antigravity/playground/orbital-orion/src/core/result.ts","statementMap":{"0":{"start":{"line":10,"column":18},"end":{"line":13,"column":null}},"1":{"start":{"line":10,"column":54},"end":{"line":13,"column":null}},"2":{"start":{"line":15,"column":19},"end":{"line":18,"column":null}},"3":{"start":{"line":15,"column":55},"end":{"line":18,"column":null}},"4":{"start":{"line":20,"column":20},"end":{"line":21,"column":null}},"5":{"start":{"line":21,"column":2},"end":{"line":21,"column":null}},"6":{"start":{"line":23,"column":21},"end":{"line":24,"column":null}},"7":{"start":{"line":24,"column":2},"end":{"line":24,"column":null}},"8":{"start":{"line":26,"column":19},"end":{"line":30,"column":null}},"9":{"start":{"line":30,"column":2},"end":{"line":30,"column":null}},"10":{"start":{"line":32,"column":22},"end":{"line":36,"column":null}},"11":{"start":{"line":36,"column":2},"end":{"line":36,"column":null}},"12":{"start":{"line":38,"column":23},"end":{"line":42,"column":null}},"13":{"start":{"line":42,"column":2},"end":{"line":42,"column":null}},"14":{"start":{"line":44,"column":24},"end":{"line":45,"column":null}},"15":{"start":{"line":45,"column":2},"end":{"line":45,"column":null}},"16":{"start":{"line":47,"column":21},"end":{"line":54,"column":null}},"17":{"start":{"line":54,"column":2},"end":{"line":54,"column":null}},"18":{"start":{"line":56,"column":28},"end":{"line":60,"column":null}},"19":{"start":{"line":60,"column":2},"end":{"line":60,"column":null}},"20":{"start":{"line":62,"column":24},"end":{"line":71,"column":null}},"21":{"start":{"line":66,"column":2},"end":{"line":70,"column":null}},"22":{"start":{"line":67,"column":4},"end":{"line":67,"column":null}},"23":{"start":{"line":69,"column":4},"end":{"line":69,"column":null}},"24":{"start":{"line":73,"column":23},"end":{"line":82,"column":null}},"25":{"start":{"line":74,"column":22},"end":{"line":74,"column":null}},"26":{"start":{"line":75,"column":2},"end":{"line":80,"column":null}},"27":{"start":{"line":76,"column":4},"end":{"line":78,"column":null}},"28":{"start":{"line":77,"column":6},"end":{"line":77,"column":null}},"29":{"start":{"line":79,"column":4},"end":{"line":79,"column":null}},"30":{"start":{"line":81,"column":2},"end":{"line":81,"column":null}}},"fnMap":{"0":{"name":"(anonymous_0)","decl":{"start":{"line":10,"column":18},"end":{"line":10,"column":22}},"loc":{"start":{"line":10,"column":54},"end":{"line":13,"column":null}},"line":10},"1":{"name":"(anonymous_1)","decl":{"start":{"line":15,"column":19},"end":{"line":15,"column":23}},"loc":{"start":{"line":15,"column":55},"end":{"line":18,"column":null}},"line":15},"2":{"name":"(anonymous_2)","decl":{"start":{"line":20,"column":20},"end":{"line":20,"column":27}},"loc":{"start":{"line":21,"column":2},"end":{"line":21,"column":null}},"line":21},"3":{"name":"(anonymous_3)","decl":{"start":{"line":23,"column":21},"end":{"line":23,"column":28}},"loc":{"start":{"line":24,"column":2},"end":{"line":24,"column":null}},"line":24},"4":{"name":"(anonymous_4)","decl":{"start":{"line":26,"column":19},"end":{"line":26,"column":null}},"loc":{"start":{"line":30,"column":2},"end":{"line":30,"column":null}},"line":30},"5":{"name":"(anonymous_5)","decl":{"start":{"line":32,"column":22},"end":{"line":32,"column":null}},"loc":{"start":{"line":36,"column":2},"end":{"line":36,"column":null}},"line":36},"6":{"name":"(anonymous_6)","decl":{"start":{"line":38,"column":23},"end":{"line":38,"column":null}},"loc":{"start":{"line":42,"column":2},"end":{"line":42,"column":null}},"line":42},"7":{"name":"(anonymous_7)","decl":{"start":{"line":44,"column":24},"end":{"line":44,"column":31}},"loc":{"start":{"line":45,"column":2},"end":{"line":45,"column":null}},"line":45},"8":{"name":"(anonymous_8)","decl":{"start":{"line":47,"column":21},"end":{"line":47,"column":null}},"loc":{"start":{"line":54,"column":2},"end":{"line":54,"column":null}},"line":54},"9":{"name":"(anonymous_9)","decl":{"start":{"line":56,"column":28},"end":{"line":56,"column":null}},"loc":{"start":{"line":60,"column":2},"end":{"line":60,"column":null}},"line":60},"10":{"name":"(anonymous_10)","decl":{"start":{"line":62,"column":24},"end":{"line":62,"column":null}},"loc":{"start":{"line":65,"column":19},"end":{"line":71,"column":null}},"line":65},"11":{"name":"(anonymous_11)","decl":{"start":{"line":73,"column":23},"end":{"line":73,"column":30}},"loc":{"start":{"line":73,"column":92},"end":{"line":82,"column":null}},"line":73}},"branchMap":{"0":{"loc":{"start":{"line":30,"column":2},"end":{"line":30,"column":null}},"type":"cond-expr","locations":[{"start":{"line":30,"column":14},"end":{"line":30,"column":37}},{"start":{"line":30,"column":37},"end":{"line":30,"column":null}}],"line":30},"1":{"loc":{"start":{"line":36,"column":2},"end":{"line":36,"column":null}},"type":"cond-expr","locations":[{"start":{"line":36,"column":14},"end":{"line":36,"column":23}},{"start":{"line":36,"column":23},"end":{"line":36,"column":null}}],"line":36},"2":{"loc":{"start":{"line":42,"column":2},"end":{"line":42,"column":null}},"type":"cond-expr","locations":[{"start":{"line":42,"column":14},"end":{"line":42,"column":33}},{"start":{"line":42,"column":33},"end":{"line":42,"column":null}}],"line":42},"3":{"loc":{"start":{"line":45,"column":2},"end":{"line":45,"column":null}},"type":"cond-expr","locations":[{"start":{"line":45,"column":14},"end":{"line":45,"column":29}},{"start":{"line":45,"column":29},"end":{"line":45,"column":null}}],"line":45},"4":{"loc":{"start":{"line":54,"column":2},"end":{"line":54,"column":null}},"type":"cond-expr","locations":[{"start":{"line":54,"column":14},"end":{"line":54,"column":44}},{"start":{"line":54,"column":44},"end":{"line":54,"column":null}}],"line":54},"5":{"loc":{"start":{"line":60,"column":2},"end":{"line":60,"column":null}},"type":"cond-expr","locations":[{"start":{"line":60,"column":18},"end":{"line":60,"column":30}},{"start":{"line":60,"column":30},"end":{"line":60,"column":null}}],"line":60},"6":{"loc":{"start":{"line":76,"column":4},"end":{"line":78,"column":null}},"type":"if","locations":[{"start":{"line":76,"column":4},"end":{"line":78,"column":null}},{"start":{},"end":{}}],"line":76}},"s":{"0":3,"1":398,"2":3,"3":432,"4":3,"5":2,"6":3,"7":2,"8":3,"9":102,"10":3,"11":2,"12":3,"13":3,"14":3,"15":2,"16":3,"17":2,"18":3,"19":4,"20":3,"21":2,"22":2,"23":1,"24":3,"25":3,"26":3,"27":5,"28":1,"29":4,"30":2},"f":{"0":398,"1":432,"2":2,"3":2,"4":102,"5":2,"6":3,"7":2,"8":2,"9":4,"10":2,"11":3},"b":{"0":[101,1],"1":[1,1],"2":[2,1],"3":[1,1],"4":[1,1],"5":[2,2],"6":[1,4]},"meta":{"lastBranch":7,"lastFunction":12,"lastStatement":31,"seen":{"s:10:18:13:Infinity":0,"f:10:18:10:22":0,"s:10:54:13:Infinity":1,"s:15:19:18:Infinity":2,"f:15:19:15:23":1,"s:15:55:18:Infinity":3,"s:20:20:21:Infinity":4,"f:20:20:20:27":2,"s:21:2:21:Infinity":5,"s:23:21:24:Infinity":6,"f:23:21:23:28":3,"s:24:2:24:Infinity":7,"s:26:19:30:Infinity":8,"f:26:19:26:Infinity":4,"s:30:2:30:Infinity":9,"b:30:14:30:37:30:37:30:Infinity":0,"s:32:22:36:Infinity":10,"f:32:22:32:Infinity":5,"s:36:2:36:Infinity":11,"b:36:14:36:23:36:23:36:Infinity":1,"s:38:23:42:Infinity":12,"f:38:23:38:Infinity":6,"s:42:2:42:Infinity":13,"b:42:14:42:33:42:33:42:Infinity":2,"s:44:24:45:Infinity":14,"f:44:24:44:31":7,"s:45:2:45:Infinity":15,"b:45:14:45:29:45:29:45:Infinity":3,"s:47:21:54:Infinity":16,"f:47:21:47:Infinity":8,"s:54:2:54:Infinity":17,"b:54:14:54:44:54:44:54:Infinity":4,"s:56:28:60:Infinity":18,"f:56:28:56:Infinity":9,"s:60:2:60:Infinity":19,"b:60:18:60:30:60:30:60:Infinity":5,"s:62:24:71:Infinity":20,"f:62:24:62:Infinity":10,"s:66:2:70:Infinity":21,"s:67:4:67:Infinity":22,"s:69:4:69:Infinity":23,"s:73:23:82:Infinity":24,"f:73:23:73:30":11,"s:74:22:74:Infinity":25,"s:75:2:80:Infinity":26,"b:76:4:78:Infinity:undefined:undefined:undefined:undefined":6,"s:76:4:78:Infinity":27,"s:77:6:77:Infinity":28,"s:79:4:79:Infinity":29,"s:81:2:81:Infinity":30}}}
,"/Users/wilkerribeiro/.gemini/antigravity/playground/orbital-orion/src/core/fiber/traversal.ts": {"path":"/Users/wilkerribeiro/.gemini/antigravity/playground/orbital-orion/src/core/fiber/traversal.ts","statementMap":{"0":{"start":{"line":15,"column":36},"end":{"line":21,"column":null}},"1":{"start":{"line":19,"column":19},"end":{"line":19,"column":null}},"2":{"start":{"line":19,"column":45},"end":{"line":19,"column":70}},"3":{"start":{"line":20,"column":2},"end":{"line":20,"column":null}},"4":{"start":{"line":26,"column":37},"end":{"line":30,"column":null}},"5":{"start":{"line":26,"column":62},"end":{"line":30,"column":null}},"6":{"start":{"line":36,"column":31},"end":{"line":67,"column":null}},"7":{"start":{"line":41,"column":19},"end":{"line":64,"column":null}},"8":{"start":{"line":45,"column":4},"end":{"line":50,"column":null}},"9":{"start":{"line":46,"column":6},"end":{"line":49,"column":null}},"10":{"start":{"line":52,"column":4},"end":{"line":57,"column":null}},"11":{"start":{"line":53,"column":6},"end":{"line":56,"column":null}},"12":{"start":{"line":59,"column":4},"end":{"line":61,"column":null}},"13":{"start":{"line":60,"column":6},"end":{"line":60,"column":null}},"14":{"start":{"line":63,"column":4},"end":{"line":63,"column":null}},"15":{"start":{"line":66,"column":2},"end":{"line":66,"column":null}},"16":{"start":{"line":73,"column":33},"end":{"line":109,"column":null}},"17":{"start":{"line":78,"column":19},"end":{"line":106,"column":null}},"18":{"start":{"line":82,"column":4},"end":{"line":87,"column":null}},"19":{"start":{"line":83,"column":6},"end":{"line":86,"column":null}},"20":{"start":{"line":89,"column":4},"end":{"line":94,"column":null}},"21":{"start":{"line":90,"column":6},"end":{"line":93,"column":null}},"22":{"start":{"line":96,"column":4},"end":{"line":98,"column":null}},"23":{"start":{"line":97,"column":6},"end":{"line":97,"column":null}},"24":{"start":{"line":100,"column":24},"end":{"line":100,"column":null}},"25":{"start":{"line":101,"column":4},"end":{"line":103,"column":null}},"26":{"start":{"line":102,"column":6},"end":{"line":102,"column":null}},"27":{"start":{"line":105,"column":4},"end":{"line":105,"column":null}},"28":{"start":{"line":108,"column":2},"end":{"line":108,"column":null}},"29":{"start":{"line":114,"column":28},"end":{"line":136,"column":null}},"30":{"start":{"line":119,"column":34},"end":{"line":119,"column":null}},"31":{"start":{"line":121,"column":19},"end":{"line":132,"column":null}},"32":{"start":{"line":122,"column":4},"end":{"line":124,"column":null}},"33":{"start":{"line":123,"column":6},"end":{"line":123,"column":null}},"34":{"start":{"line":126,"column":4},"end":{"line":128,"column":null}},"35":{"start":{"line":127,"column":6},"end":{"line":127,"column":null}},"36":{"start":{"line":130,"column":4},"end":{"line":130,"column":null}},"37":{"start":{"line":131,"column":4},"end":{"line":131,"column":null}},"38":{"start":{"line":134,"column":2},"end":{"line":134,"column":null}},"39":{"start":{"line":135,"column":2},"end":{"line":135,"column":null}},"40":{"start":{"line":141,"column":33},"end":{"line":157,"column":null}},"41":{"start":{"line":145,"column":2},"end":{"line":147,"column":null}},"42":{"start":{"line":146,"column":4},"end":{"line":146,"column":null}},"43":{"start":{"line":149,"column":2},"end":{"line":151,"column":null}},"44":{"start":{"line":150,"column":4},"end":{"line":150,"column":null}},"45":{"start":{"line":153,"column":2},"end":{"line":155,"column":null}},"46":{"start":{"line":162,"column":31},"end":{"line":163,"column":null}},"47":{"start":{"line":162,"column":65},"end":{"line":163,"column":null}},"48":{"start":{"line":163,"column":2},"end":{"line":163,"column":null}},"49":{"start":{"line":168,"column":24},"end":{"line":169,"column":null}},"50":{"start":{"line":168,"column":62},"end":{"line":169,"column":null}},"51":{"start":{"line":169,"column":2},"end":{"line":169,"column":null}},"52":{"start":{"line":174,"column":29},"end":{"line":178,"column":null}},"53":{"start":{"line":177,"column":21},"end":{"line":178,"column":null}},"54":{"start":{"line":178,"column":2},"end":{"line":178,"column":null}},"55":{"start":{"line":183,"column":21},"end":{"line":184,"column":null}},"56":{"start":{"line":183,"column":83},"end":{"line":184,"column":null}},"57":{"start":{"line":184,"column":2},"end":{"line":184,"column":null}},"58":{"start":{"line":184,"column":26},"end":{"line":184,"column":33}},"59":{"start":{"line":189,"column":21},"end":{"line":190,"column":null}},"60":{"start":{"line":189,"column":83},"end":{"line":190,"column":null}},"61":{"start":{"line":190,"column":2},"end":{"line":190,"column":null}},"62":{"start":{"line":190,"column":25},"end":{"line":190,"column":32}}},"fnMap":{"0":{"name":"(anonymous_0)","decl":{"start":{"line":15,"column":36},"end":{"line":15,"column":null}},"loc":{"start":{"line":18,"column":20},"end":{"line":21,"column":null}},"line":18},"1":{"name":"(anonymous_1)","decl":{"start":{"line":19,"column":36},"end":{"line":19,"column":37}},"loc":{"start":{"line":19,"column":45},"end":{"line":19,"column":70}},"line":19},"2":{"name":"(anonymous_2)","decl":{"start":{"line":26,"column":37},"end":{"line":26,"column":62}},"loc":{"start":{"line":26,"column":62},"end":{"line":30,"column":null}},"line":26},"3":{"name":"(anonymous_3)","decl":{"start":{"line":36,"column":31},"end":{"line":36,"column":null}},"loc":{"start":{"line":40,"column":39},"end":{"line":67,"column":null}},"line":40},"4":{"name":"(anonymous_4)","decl":{"start":{"line":41,"column":19},"end":{"line":41,"column":null}},"loc":{"start":{"line":44,"column":41},"end":{"line":64,"column":null}},"line":44},"5":{"name":"(anonymous_5)","decl":{"start":{"line":73,"column":33},"end":{"line":73,"column":null}},"loc":{"start":{"line":77,"column":39},"end":{"line":109,"column":null}},"line":77},"6":{"name":"(anonymous_6)","decl":{"start":{"line":78,"column":19},"end":{"line":78,"column":null}},"loc":{"start":{"line":81,"column":41},"end":{"line":106,"column":null}},"line":81},"7":{"name":"(anonymous_7)","decl":{"start":{"line":114,"column":28},"end":{"line":114,"column":null}},"loc":{"start":{"line":118,"column":30},"end":{"line":136,"column":null}},"line":118},"8":{"name":"(anonymous_8)","decl":{"start":{"line":121,"column":19},"end":{"line":121,"column":20}},"loc":{"start":{"line":121,"column":59},"end":{"line":132,"column":null}},"line":121},"9":{"name":"(anonymous_9)","decl":{"start":{"line":141,"column":33},"end":{"line":141,"column":null}},"loc":{"start":{"line":144,"column":14},"end":{"line":157,"column":null}},"line":144},"10":{"name":"(anonymous_10)","decl":{"start":{"line":162,"column":31},"end":{"line":162,"column":32}},"loc":{"start":{"line":162,"column":65},"end":{"line":163,"column":null}},"line":162},"11":{"name":"(anonymous_11)","decl":{"start":{"line":162,"column":65},"end":{"line":162,"column":66}},"loc":{"start":{"line":163,"column":2},"end":{"line":163,"column":null}},"line":163},"12":{"name":"(anonymous_12)","decl":{"start":{"line":168,"column":24},"end":{"line":168,"column":25}},"loc":{"start":{"line":168,"column":62},"end":{"line":169,"column":null}},"line":168},"13":{"name":"(anonymous_13)","decl":{"start":{"line":168,"column":62},"end":{"line":168,"column":63}},"loc":{"start":{"line":169,"column":2},"end":{"line":169,"column":null}},"line":169},"14":{"name":"(anonymous_14)","decl":{"start":{"line":174,"column":29},"end":{"line":174,"column":null}},"loc":{"start":{"line":177,"column":21},"end":{"line":178,"column":null}},"line":177},"15":{"name":"(anonymous_15)","decl":{"start":{"line":177,"column":21},"end":{"line":177,"column":22}},"loc":{"start":{"line":178,"column":2},"end":{"line":178,"column":null}},"line":178},"16":{"name":"(anonymous_16)","decl":{"start":{"line":183,"column":21},"end":{"line":183,"column":25}},"loc":{"start":{"line":183,"column":83},"end":{"line":184,"column":null}},"line":183},"17":{"name":"(anonymous_17)","decl":{"start":{"line":183,"column":83},"end":{"line":183,"column":84}},"loc":{"start":{"line":184,"column":2},"end":{"line":184,"column":null}},"line":184},"18":{"name":"(anonymous_18)","decl":{"start":{"line":184,"column":19},"end":{"line":184,"column":20}},"loc":{"start":{"line":184,"column":26},"end":{"line":184,"column":33}},"line":184},"19":{"name":"(anonymous_19)","decl":{"start":{"line":189,"column":21},"end":{"line":189,"column":25}},"loc":{"start":{"line":189,"column":83},"end":{"line":190,"column":null}},"line":189},"20":{"name":"(anonymous_20)","decl":{"start":{"line":189,"column":83},"end":{"line":189,"column":84}},"loc":{"start":{"line":190,"column":2},"end":{"line":190,"column":null}},"line":190},"21":{"name":"(anonymous_21)","decl":{"start":{"line":190,"column":18},"end":{"line":190,"column":19}},"loc":{"start":{"line":190,"column":25},"end":{"line":190,"column":32}},"line":190}},"branchMap":{"0":{"loc":{"start":{"line":20,"column":9},"end":{"line":20,"column":null}},"type":"binary-expr","locations":[{"start":{"line":20,"column":9},"end":{"line":20,"column":21}},{"start":{"line":20,"column":21},"end":{"line":20,"column":null}}],"line":20},"1":{"loc":{"start":{"line":39,"column":2},"end":{"line":39,"column":null}},"type":"default-arg","locations":[{"start":{"line":39,"column":21},"end":{"line":39,"column":null}}],"line":39},"2":{"loc":{"start":{"line":45,"column":4},"end":{"line":50,"column":null}},"type":"if","locations":[{"start":{"line":45,"column":4},"end":{"line":50,"column":null}},{"start":{},"end":{}}],"line":45},"3":{"loc":{"start":{"line":52,"column":4},"end":{"line":57,"column":null}},"type":"if","locations":[{"start":{"line":52,"column":4},"end":{"line":57,"column":null}},{"start":{},"end":{}}],"line":52},"4":{"loc":{"start":{"line":59,"column":4},"end":{"line":61,"column":null}},"type":"if","locations":[{"start":{"line":59,"column":4},"end":{"line":61,"column":null}},{"start":{},"end":{}}],"line":59},"5":{"loc":{"start":{"line":76,"column":2},"end":{"line":76,"column":null}},"type":"default-arg","locations":[{"start":{"line":76,"column":21},"end":{"line":76,"column":null}}],"line":76},"6":{"loc":{"start":{"line":82,"column":4},"end":{"line":87,"column":null}},"type":"if","locations":[{"start":{"line":82,"column":4},"end":{"line":87,"column":null}},{"start":{},"end":{}}],"line":82},"7":{"loc":{"start":{"line":89,"column":4},"end":{"line":94,"column":null}},"type":"if","locations":[{"start":{"line":89,"column":4},"end":{"line":94,"column":null}},{"start":{},"end":{}}],"line":89},"8":{"loc":{"start":{"line":96,"column":4},"end":{"line":98,"column":null}},"type":"if","locations":[{"start":{"line":96,"column":4},"end":{"line":98,"column":null}},{"start":{},"end":{}}],"line":96},"9":{"loc":{"start":{"line":101,"column":4},"end":{"line":103,"column":null}},"type":"if","locations":[{"start":{"line":101,"column":4},"end":{"line":103,"column":null}},{"start":{},"end":{}}],"line":101},"10":{"loc":{"start":{"line":117,"column":2},"end":{"line":117,"column":null}},"type":"default-arg","locations":[{"start":{"line":117,"column":21},"end":{"line":117,"column":null}}],"line":117},"11":{"loc":{"start":{"line":122,"column":4},"end":{"line":124,"column":null}},"type":"if","locations":[{"start":{"line":122,"column":4},"end":{"line":124,"column":null}},{"start":{},"end":{}}],"line":122},"12":{"loc":{"start":{"line":122,"column":8},"end":{"line":122,"column":56}},"type":"binary-expr","locations":[{"start":{"line":122,"column":8},"end":{"line":122,"column":28}},{"start":{"line":122,"column":28},"end":{"line":122,"column":56}}],"line":122},"13":{"loc":{"start":{"line":126,"column":4},"end":{"line":128,"column":null}},"type":"if","locations":[{"start":{"line":126,"column":4},"end":{"line":128,"column":null}},{"start":{},"end":{}}],"line":126},"14":{"loc":{"start":{"line":145,"column":2},"end":{"line":147,"column":null}},"type":"if","locations":[{"start":{"line":145,"column":2},"end":{"line":147,"column":null}},{"start":{},"end":{}}],"line":145},"15":{"loc":{"start":{"line":149,"column":2},"end":{"line":151,"column":null}},"type":"if","locations":[{"start":{"line":149,"column":2},"end":{"line":151,"column":null}},{"start":{},"end":{}}],"line":149},"16":{"loc":{"start":{"line":154,"column":4},"end":{"line":155,"column":null}},"type":"binary-expr","locations":[{"start":{"line":154,"column":4},"end":{"line":154,"column":null}},{"start":{"line":155,"column":4},"end":{"line":155,"column":null}}],"line":154}},"s":{"0":1,"1":103,"2":543,"3":103,"4":1,"5":1,"6":1,"7":3,"8":8,"9":2,"10":6,"11":0,"12":6,"13":1,"14":5,"15":3,"16":1,"17":2,"18":7,"19":1,"20":6,"21":0,"22":6,"23":2,"24":4,"25":4,"26":3,"27":1,"28":2,"29":1,"30":2,"31":2,"32":16,"33":9,"34":7,"35":5,"36":7,"37":7,"38":2,"39":2,"40":1,"41":7,"42":1,"43":6,"44":4,"45":2,"46":1,"47":1,"48":2,"49":1,"50":1,"51":2,"52":1,"53":0,"54":0,"55":1,"56":1,"57":3,"58":5,"59":1,"60":1,"61":3,"62":5},"f":{"0":103,"1":543,"2":1,"3":3,"4":8,"5":2,"6":7,"7":2,"8":16,"9":7,"10":1,"11":2,"12":1,"13":2,"14":0,"15":0,"16":1,"17":3,"18":5,"19":1,"20":3,"21":5},"b":{"0":[103,2],"1":[3],"2":[2,6],"3":[0,6],"4":[1,5],"5":[2],"6":[1,6],"7":[0,6],"8":[2,4],"9":[3,1],"10":[2],"11":[9,7],"12":[16,8],"13":[5,2],"14":[1,6],"15":[4,2],"16":[2,1]},"meta":{"lastBranch":17,"lastFunction":22,"lastStatement":63,"seen":{"s:15:36:21:Infinity":0,"f:15:36:15:Infinity":0,"s:19:19:19:Infinity":1,"f:19:36:19:37":1,"s:19:45:19:70":2,"s:20:2:20:Infinity":3,"b:20:9:20:21:20:21:20:Infinity":0,"s:26:37:30:Infinity":4,"f:26:37:26:62":2,"s:26:62:30:Infinity":5,"s:36:31:67:Infinity":6,"f:36:31:36:Infinity":3,"b:39:21:39:Infinity":1,"s:41:19:64:Infinity":7,"f:41:19:41:Infinity":4,"b:45:4:50:Infinity:undefined:undefined:undefined:undefined":2,"s:45:4:50:Infinity":8,"s:46:6:49:Infinity":9,"b:52:4:57:Infinity:undefined:undefined:undefined:undefined":3,"s:52:4:57:Infinity":10,"s:53:6:56:Infinity":11,"b:59:4:61:Infinity:undefined:undefined:undefined:undefined":4,"s:59:4:61:Infinity":12,"s:60:6:60:Infinity":13,"s:63:4:63:Infinity":14,"s:66:2:66:Infinity":15,"s:73:33:109:Infinity":16,"f:73:33:73:Infinity":5,"b:76:21:76:Infinity":5,"s:78:19:106:Infinity":17,"f:78:19:78:Infinity":6,"b:82:4:87:Infinity:undefined:undefined:undefined:undefined":6,"s:82:4:87:Infinity":18,"s:83:6:86:Infinity":19,"b:89:4:94:Infinity:undefined:undefined:undefined:undefined":7,"s:89:4:94:Infinity":20,"s:90:6:93:Infinity":21,"b:96:4:98:Infinity:undefined:undefined:undefined:undefined":8,"s:96:4:98:Infinity":22,"s:97:6:97:Infinity":23,"s:100:24:100:Infinity":24,"b:101:4:103:Infinity:undefined:undefined:undefined:undefined":9,"s:101:4:103:Infinity":25,"s:102:6:102:Infinity":26,"s:105:4:105:Infinity":27,"s:108:2:108:Infinity":28,"s:114:28:136:Infinity":29,"f:114:28:114:Infinity":7,"b:117:21:117:Infinity":10,"s:119:34:119:Infinity":30,"s:121:19:132:Infinity":31,"f:121:19:121:20":8,"b:122:4:124:Infinity:undefined:undefined:undefined:undefined":11,"s:122:4:124:Infinity":32,"b:122:8:122:28:122:28:122:56":12,"s:123:6:123:Infinity":33,"b:126:4:128:Infinity:undefined:undefined:undefined:undefined":13,"s:126:4:128:Infinity":34,"s:127:6:127:Infinity":35,"s:130:4:130:Infinity":36,"s:131:4:131:Infinity":37,"s:134:2:134:Infinity":38,"s:135:2:135:Infinity":39,"s:141:33:157:Infinity":40,"f:141:33:141:Infinity":9,"b:145:2:147:Infinity:undefined:undefined:undefined:undefined":14,"s:145:2:147:Infinity":41,"s:146:4:146:Infinity":42,"b:149:2:151:Infinity:undefined:undefined:undefined:undefined":15,"s:149:2:151:Infinity":43,"s:150:4:150:Infinity":44,"s:153:2:155:Infinity":45,"b:154:4:154:Infinity:155:4:155:Infinity":16,"s:162:31:163:Infinity":46,"f:162:31:162:32":10,"s:162:65:163:Infinity":47,"f:162:65:162:66":11,"s:163:2:163:Infinity":48,"s:168:24:169:Infinity":49,"f:168:24:168:25":12,"s:168:62:169:Infinity":50,"f:168:62:168:63":13,"s:169:2:169:Infinity":51,"s:174:29:178:Infinity":52,"f:174:29:174:Infinity":14,"s:177:21:178:Infinity":53,"f:177:21:177:22":15,"s:178:2:178:Infinity":54,"s:183:21:184:Infinity":55,"f:183:21:183:25":16,"s:183:83:184:Infinity":56,"f:183:83:183:84":17,"s:184:2:184:Infinity":57,"f:184:19:184:20":18,"s:184:26:184:33":58,"s:189:21:190:Infinity":59,"f:189:21:189:25":19,"s:189:83:190:Infinity":60,"f:189:83:189:84":20,"s:190:2:190:Infinity":61,"f:190:18:190:19":21,"s:190:25:190:32":62}}}
,"/Users/wilkerribeiro/.gemini/antigravity/playground/orbital-orion/src/core/parsers/message-parser.ts": {"path":"/Users/wilkerribeiro/.gemini/antigravity/playground/orbital-orion/src/core/parsers/message-parser.ts","statementMap":{"0":{"start":{"line":50,"column":20},"end":{"line":56,"column":null}},"1":{"start":{"line":51,"column":2},"end":{"line":56,"column":null}},"2":{"start":{"line":58,"column":20},"end":{"line":64,"column":null}},"3":{"start":{"line":59,"column":2},"end":{"line":64,"column":null}},"4":{"start":{"line":66,"column":21},"end":{"line":67,"column":null}},"5":{"start":{"line":67,"column":2},"end":{"line":67,"column":null}},"6":{"start":{"line":69,"column":28},"end":{"line":70,"column":null}},"7":{"start":{"line":70,"column":2},"end":{"line":70,"column":null}},"8":{"start":{"line":72,"column":28},"end":{"line":73,"column":null}},"9":{"start":{"line":73,"column":2},"end":{"line":73,"column":null}},"10":{"start":{"line":75,"column":27},"end":{"line":87,"column":null}},"11":{"start":{"line":76,"column":2},"end":{"line":78,"column":null}},"12":{"start":{"line":77,"column":4},"end":{"line":77,"column":null}},"13":{"start":{"line":79,"column":51},"end":{"line":85,"column":null}},"14":{"start":{"line":86,"column":2},"end":{"line":86,"column":null}},"15":{"start":{"line":89,"column":28},"end":{"line":102,"column":null}},"16":{"start":{"line":90,"column":48},"end":{"line":98,"column":null}},"17":{"start":{"line":99,"column":2},"end":{"line":101,"column":null}},"18":{"start":{"line":104,"column":27},"end":{"line":132,"column":null}},"19":{"start":{"line":105,"column":2},"end":{"line":110,"column":null}},"20":{"start":{"line":106,"column":4},"end":{"line":109,"column":null}},"21":{"start":{"line":112,"column":22},"end":{"line":112,"column":null}},"22":{"start":{"line":114,"column":2},"end":{"line":119,"column":null}},"23":{"start":{"line":115,"column":4},"end":{"line":118,"column":null}},"24":{"start":{"line":121,"column":19},"end":{"line":121,"column":null}},"25":{"start":{"line":122,"column":2},"end":{"line":124,"column":null}},"26":{"start":{"line":123,"column":4},"end":{"line":123,"column":null}},"27":{"start":{"line":126,"column":2},"end":{"line":131,"column":null}},"28":{"start":{"line":134,"column":31},"end":{"line":164,"column":null}},"29":{"start":{"line":135,"column":2},"end":{"line":140,"column":null}},"30":{"start":{"line":136,"column":4},"end":{"line":139,"column":null}},"31":{"start":{"line":142,"column":21},"end":{"line":142,"column":null}},"32":{"start":{"line":143,"column":25},"end":{"line":143,"column":null}},"33":{"start":{"line":145,"column":2},"end":{"line":150,"column":null}},"34":{"start":{"line":146,"column":4},"end":{"line":149,"column":null}},"35":{"start":{"line":152,"column":2},"end":{"line":163,"column":null}},"36":{"start":{"line":166,"column":28},"end":{"line":231,"column":null}},"37":{"start":{"line":167,"column":2},"end":{"line":172,"column":null}},"38":{"start":{"line":168,"column":4},"end":{"line":171,"column":null}},"39":{"start":{"line":174,"column":19},"end":{"line":174,"column":null}},"40":{"start":{"line":177,"column":2},"end":{"line":182,"column":null}},"41":{"start":{"line":178,"column":4},"end":{"line":181,"column":null}},"42":{"start":{"line":184,"column":2},"end":{"line":189,"column":null}},"43":{"start":{"line":185,"column":4},"end":{"line":188,"column":null}},"44":{"start":{"line":191,"column":19},"end":{"line":191,"column":null}},"45":{"start":{"line":192,"column":2},"end":{"line":194,"column":null}},"46":{"start":{"line":193,"column":4},"end":{"line":193,"column":null}},"47":{"start":{"line":196,"column":26},"end":{"line":196,"column":null}},"48":{"start":{"line":197,"column":2},"end":{"line":199,"column":null}},"49":{"start":{"line":198,"column":4},"end":{"line":198,"column":null}},"50":{"start":{"line":202,"column":36},"end":{"line":202,"column":null}},"51":{"start":{"line":203,"column":2},"end":{"line":208,"column":null}},"52":{"start":{"line":204,"column":29},"end":{"line":204,"column":null}},"53":{"start":{"line":205,"column":4},"end":{"line":207,"column":null}},"54":{"start":{"line":206,"column":6},"end":{"line":206,"column":null}},"55":{"start":{"line":210,"column":2},"end":{"line":230,"column":null}},"56":{"start":{"line":236,"column":39},"end":{"line":249,"column":null}},"57":{"start":{"line":239,"column":23},"end":{"line":239,"column":null}},"58":{"start":{"line":241,"column":2},"end":{"line":246,"column":null}},"59":{"start":{"line":242,"column":4},"end":{"line":245,"column":null}},"60":{"start":{"line":248,"column":2},"end":{"line":248,"column":null}}},"fnMap":{"0":{"name":"(anonymous_0)","decl":{"start":{"line":50,"column":20},"end":{"line":50,"column":21}},"loc":{"start":{"line":51,"column":2},"end":{"line":56,"column":null}},"line":51},"1":{"name":"(anonymous_1)","decl":{"start":{"line":58,"column":20},"end":{"line":58,"column":21}},"loc":{"start":{"line":59,"column":2},"end":{"line":64,"column":null}},"line":59},"2":{"name":"(anonymous_2)","decl":{"start":{"line":66,"column":21},"end":{"line":66,"column":22}},"loc":{"start":{"line":67,"column":2},"end":{"line":67,"column":null}},"line":67},"3":{"name":"(anonymous_3)","decl":{"start":{"line":69,"column":28},"end":{"line":69,"column":29}},"loc":{"start":{"line":70,"column":2},"end":{"line":70,"column":null}},"line":70},"4":{"name":"(anonymous_4)","decl":{"start":{"line":72,"column":28},"end":{"line":72,"column":29}},"loc":{"start":{"line":73,"column":2},"end":{"line":73,"column":null}},"line":73},"5":{"name":"(anonymous_5)","decl":{"start":{"line":75,"column":27},"end":{"line":75,"column":28}},"loc":{"start":{"line":75,"column":60},"end":{"line":87,"column":null}},"line":75},"6":{"name":"(anonymous_6)","decl":{"start":{"line":89,"column":28},"end":{"line":89,"column":29}},"loc":{"start":{"line":89,"column":70},"end":{"line":102,"column":null}},"line":89},"7":{"name":"(anonymous_7)","decl":{"start":{"line":104,"column":27},"end":{"line":104,"column":28}},"loc":{"start":{"line":104,"column":82},"end":{"line":132,"column":null}},"line":104},"8":{"name":"(anonymous_8)","decl":{"start":{"line":134,"column":31},"end":{"line":134,"column":32}},"loc":{"start":{"line":134,"column":83},"end":{"line":164,"column":null}},"line":134},"9":{"name":"(anonymous_9)","decl":{"start":{"line":166,"column":28},"end":{"line":166,"column":29}},"loc":{"start":{"line":166,"column":87},"end":{"line":231,"column":null}},"line":166},"10":{"name":"(anonymous_10)","decl":{"start":{"line":236,"column":39},"end":{"line":236,"column":null}},"loc":{"start":{"line":238,"column":44},"end":{"line":249,"column":null}},"line":238}},"branchMap":{"0":{"loc":{"start":{"line":51,"column":2},"end":{"line":56,"column":null}},"type":"cond-expr","locations":[{"start":{"line":51,"column":19},"end":{"line":52,"column":null}},{"start":{"line":52,"column":14},"end":{"line":56,"column":null}}],"line":51},"1":{"loc":{"start":{"line":59,"column":2},"end":{"line":64,"column":null}},"type":"cond-expr","locations":[{"start":{"line":59,"column":50},"end":{"line":60,"column":null}},{"start":{"line":60,"column":14},"end":{"line":64,"column":null}}],"line":59},"2":{"loc":{"start":{"line":59,"column":2},"end":{"line":59,"column":null}},"type":"binary-expr","locations":[{"start":{"line":59,"column":2},"end":{"line":59,"column":31}},{"start":{"line":59,"column":31},"end":{"line":59,"column":null}}],"line":59},"3":{"loc":{"start":{"line":67,"column":2},"end":{"line":67,"column":null}},"type":"binary-expr","locations":[{"start":{"line":67,"column":2},"end":{"line":67,"column":20}},{"start":{"line":67,"column":20},"end":{"line":67,"column":40}},{"start":{"line":67,"column":40},"end":{"line":67,"column":null}}],"line":67},"4":{"loc":{"start":{"line":70,"column":2},"end":{"line":70,"column":null}},"type":"cond-expr","locations":[{"start":{"line":70,"column":30},"end":{"line":70,"column":38}},{"start":{"line":70,"column":38},"end":{"line":70,"column":null}}],"line":70},"5":{"loc":{"start":{"line":73,"column":2},"end":{"line":73,"column":null}},"type":"cond-expr","locations":[{"start":{"line":73,"column":54},"end":{"line":73,"column":62}},{"start":{"line":73,"column":62},"end":{"line":73,"column":null}}],"line":73},"6":{"loc":{"start":{"line":73,"column":2},"end":{"line":73,"column":54}},"type":"binary-expr","locations":[{"start":{"line":73,"column":2},"end":{"line":73,"column":31}},{"start":{"line":73,"column":31},"end":{"line":73,"column":54}}],"line":73},"7":{"loc":{"start":{"line":76,"column":2},"end":{"line":78,"column":null}},"type":"if","locations":[{"start":{"line":76,"column":2},"end":{"line":78,"column":null}},{"start":{},"end":{}}],"line":76},"8":{"loc":{"start":{"line":86,"column":9},"end":{"line":86,"column":null}},"type":"binary-expr","locations":[{"start":{"line":86,"column":9},"end":{"line":86,"column":27}},{"start":{"line":86,"column":27},"end":{"line":86,"column":null}}],"line":86},"9":{"loc":{"start":{"line":99,"column":9},"end":{"line":101,"column":null}},"type":"cond-expr","locations":[{"start":{"line":100,"column":7},"end":{"line":100,"column":null}},{"start":{"line":101,"column":6},"end":{"line":101,"column":null}}],"line":99},"10":{"loc":{"start":{"line":99,"column":9},"end":{"line":99,"column":null}},"type":"binary-expr","locations":[{"start":{"line":99,"column":9},"end":{"line":99,"column":37}},{"start":{"line":99,"column":37},"end":{"line":99,"column":null}}],"line":99},"11":{"loc":{"start":{"line":105,"column":2},"end":{"line":110,"column":null}},"type":"if","locations":[{"start":{"line":105,"column":2},"end":{"line":110,"column":null}},{"start":{},"end":{}}],"line":105},"12":{"loc":{"start":{"line":105,"column":6},"end":{"line":105,"column":51}},"type":"binary-expr","locations":[{"start":{"line":105,"column":6},"end":{"line":105,"column":24}},{"start":{"line":105,"column":24},"end":{"line":105,"column":51}}],"line":105},"13":{"loc":{"start":{"line":114,"column":2},"end":{"line":119,"column":null}},"type":"if","locations":[{"start":{"line":114,"column":2},"end":{"line":119,"column":null}},{"start":{},"end":{}}],"line":114},"14":{"loc":{"start":{"line":114,"column":6},"end":{"line":114,"column":63}},"type":"binary-expr","locations":[{"start":{"line":114,"column":6},"end":{"line":114,"column":33}},{"start":{"line":114,"column":33},"end":{"line":114,"column":63}}],"line":114},"15":{"loc":{"start":{"line":122,"column":2},"end":{"line":124,"column":null}},"type":"if","locations":[{"start":{"line":122,"column":2},"end":{"line":124,"column":null}},{"start":{},"end":{}}],"line":122},"16":{"loc":{"start":{"line":128,"column":10},"end":{"line":128,"column":null}},"type":"binary-expr","locations":[{"start":{"line":128,"column":10},"end":{"line":128,"column":51}},{"start":{"line":128,"column":51},"end":{"line":128,"column":null}}],"line":128},"17":{"loc":{"start":{"line":135,"column":2},"end":{"line":140,"column":null}},"type":"if","locations":[{"start":{"line":135,"column":2},"end":{"line":140,"column":null}},{"start":{},"end":{}}],"line":135},"18":{"loc":{"start":{"line":135,"column":6},"end":{"line":135,"column":51}},"type":"binary-expr","locations":[{"start":{"line":135,"column":6},"end":{"line":135,"column":24}},{"start":{"line":135,"column":24},"end":{"line":135,"column":51}}],"line":135},"19":{"loc":{"start":{"line":145,"column":2},"end":{"line":150,"column":null}},"type":"if","locations":[{"start":{"line":145,"column":2},"end":{"line":150,"column":null}},{"start":{},"end":{}}],"line":145},"20":{"loc":{"start":{"line":156,"column":14},"end":{"line":156,"column":null}},"type":"binary-expr","locations":[{"start":{"line":156,"column":14},"end":{"line":156,"column":58}},{"start":{"line":156,"column":58},"end":{"line":156,"column":null}}],"line":156},"21":{"loc":{"start":{"line":167,"column":2},"end":{"line":172,"column":null}},"type":"if","locations":[{"start":{"line":167,"column":2},"end":{"line":172,"column":null}},{"start":{},"end":{}}],"line":167},"22":{"loc":{"start":{"line":167,"column":6},"end":{"line":167,"column":51}},"type":"binary-expr","locations":[{"start":{"line":167,"column":6},"end":{"line":167,"column":24}},{"start":{"line":167,"column":24},"end":{"line":167,"column":51}}],"line":167},"23":{"loc":{"start":{"line":177,"column":2},"end":{"line":182,"column":null}},"type":"if","locations":[{"start":{"line":177,"column":2},"end":{"line":182,"column":null}},{"start":{},"end":{}}],"line":177},"24":{"loc":{"start":{"line":177,"column":6},"end":{"line":177,"column":57}},"type":"binary-expr","locations":[{"start":{"line":177,"column":6},"end":{"line":177,"column":30}},{"start":{"line":177,"column":30},"end":{"line":177,"column":57}}],"line":177},"25":{"loc":{"start":{"line":184,"column":2},"end":{"line":189,"column":null}},"type":"if","locations":[{"start":{"line":184,"column":2},"end":{"line":189,"column":null}},{"start":{},"end":{}}],"line":184},"26":{"loc":{"start":{"line":184,"column":6},"end":{"line":184,"column":55}},"type":"binary-expr","locations":[{"start":{"line":184,"column":6},"end":{"line":184,"column":29}},{"start":{"line":184,"column":29},"end":{"line":184,"column":55}}],"line":184},"27":{"loc":{"start":{"line":192,"column":2},"end":{"line":194,"column":null}},"type":"if","locations":[{"start":{"line":192,"column":2},"end":{"line":194,"column":null}},{"start":{},"end":{}}],"line":192},"28":{"loc":{"start":{"line":197,"column":2},"end":{"line":199,"column":null}},"type":"if","locations":[{"start":{"line":197,"column":2},"end":{"line":199,"column":null}},{"start":{},"end":{}}],"line":197},"29":{"loc":{"start":{"line":203,"column":2},"end":{"line":208,"column":null}},"type":"if","locations":[{"start":{"line":203,"column":2},"end":{"line":208,"column":null}},{"start":{},"end":{}}],"line":203},"30":{"loc":{"start":{"line":203,"column":6},"end":{"line":203,"column":71}},"type":"binary-expr","locations":[{"start":{"line":203,"column":6},"end":{"line":203,"column":37}},{"start":{"line":203,"column":37},"end":{"line":203,"column":71}}],"line":203},"31":{"loc":{"start":{"line":205,"column":4},"end":{"line":207,"column":null}},"type":"if","locations":[{"start":{"line":205,"column":4},"end":{"line":207,"column":null}},{"start":{},"end":{}}],"line":205},"32":{"loc":{"start":{"line":214,"column":10},"end":{"line":214,"column":null}},"type":"binary-expr","locations":[{"start":{"line":214,"column":10},"end":{"line":214,"column":48}},{"start":{"line":214,"column":48},"end":{"line":214,"column":null}}],"line":214},"33":{"loc":{"start":{"line":215,"column":12},"end":{"line":215,"column":null}},"type":"binary-expr","locations":[{"start":{"line":215,"column":12},"end":{"line":215,"column":50}},{"start":{"line":215,"column":50},"end":{"line":215,"column":null}}],"line":215},"34":{"loc":{"start":{"line":219,"column":10},"end":{"line":219,"column":null}},"type":"binary-expr","locations":[{"start":{"line":219,"column":10},"end":{"line":219,"column":48}},{"start":{"line":219,"column":48},"end":{"line":219,"column":null}}],"line":219},"35":{"loc":{"start":{"line":222,"column":6},"end":{"line":224,"column":null}},"type":"cond-expr","locations":[{"start":{"line":223,"column":11},"end":{"line":223,"column":null}},{"start":{"line":224,"column":10},"end":{"line":224,"column":null}}],"line":222},"36":{"loc":{"start":{"line":222,"column":6},"end":{"line":222,"column":null}},"type":"binary-expr","locations":[{"start":{"line":222,"column":6},"end":{"line":222,"column":48}},{"start":{"line":222,"column":48},"end":{"line":222,"column":null}}],"line":222},"37":{"loc":{"start":{"line":239,"column":23},"end":{"line":239,"column":null}},"type":"binary-expr","locations":[{"start":{"line":239,"column":23},"end":{"line":239,"column":56}},{"start":{"line":239,"column":56},"end":{"line":239,"column":null}}],"line":239},"38":{"loc":{"start":{"line":241,"column":2},"end":{"line":246,"column":null}},"type":"if","locations":[{"start":{"line":241,"column":2},"end":{"line":246,"column":null}},{"start":{},"end":{}}],"line":241}},"s":{"0":1,"1":20,"2":1,"3":18,"4":1,"5":56,"6":1,"7":100,"8":1,"9":32,"10":1,"11":18,"12":11,"13":7,"14":7,"15":1,"16":80,"17":80,"18":1,"19":104,"20":26,"21":78,"22":78,"23":76,"24":2,"25":2,"26":0,"27":2,"28":1,"29":109,"30":29,"31":80,"32":80,"33":80,"34":72,"35":8,"36":1,"37":121,"38":33,"39":88,"40":88,"41":69,"42":19,"43":1,"44":18,"45":18,"46":0,"47":18,"48":18,"49":0,"50":18,"51":18,"52":0,"53":0,"54":0,"55":18,"56":1,"57":3,"58":3,"59":1,"60":2},"f":{"0":20,"1":18,"2":56,"3":100,"4":32,"5":18,"6":80,"7":104,"8":109,"9":121,"10":3},"b":{"0":[20,0],"1":[18,0],"2":[18,18],"3":[56,53,52],"4":[6,94],"5":[3,29],"6":[32,3],"7":[11,7],"8":[7,1],"9":[8,72],"10":[80,9],"11":[26,78],"12":[104,102],"13":[76,2],"14":[78,78],"15":[0,2],"16":[2,1],"17":[29,80],"18":[109,105],"19":[72,8],"20":[8,7],"21":[33,88],"22":[121,117],"23":[69,19],"24":[88,88],"25":[1,18],"26":[19,19],"27":[0,18],"28":[0,18],"29":[0,18],"30":[18,18],"31":[0,0],"32":[18,18],"33":[121,18],"34":[121,17],"35":[0,18],"36":[121,0],"37":[3,2],"38":[1,2]},"meta":{"lastBranch":39,"lastFunction":11,"lastStatement":61,"seen":{"s:50:20:56:Infinity":0,"f:50:20:50:21":0,"s:51:2:56:Infinity":1,"b:51:19:52:Infinity:52:14:56:Infinity":0,"s:58:20:64:Infinity":2,"f:58:20:58:21":1,"s:59:2:64:Infinity":3,"b:59:50:60:Infinity:60:14:64:Infinity":1,"b:59:2:59:31:59:31:59:Infinity":2,"s:66:21:67:Infinity":4,"f:66:21:66:22":2,"s:67:2:67:Infinity":5,"b:67:2:67:20:67:20:67:40:67:40:67:Infinity":3,"s:69:28:70:Infinity":6,"f:69:28:69:29":3,"s:70:2:70:Infinity":7,"b:70:30:70:38:70:38:70:Infinity":4,"s:72:28:73:Infinity":8,"f:72:28:72:29":4,"s:73:2:73:Infinity":9,"b:73:54:73:62:73:62:73:Infinity":5,"b:73:2:73:31:73:31:73:54":6,"s:75:27:87:Infinity":10,"f:75:27:75:28":5,"b:76:2:78:Infinity:undefined:undefined:undefined:undefined":7,"s:76:2:78:Infinity":11,"s:77:4:77:Infinity":12,"s:79:51:85:Infinity":13,"s:86:2:86:Infinity":14,"b:86:9:86:27:86:27:86:Infinity":8,"s:89:28:102:Infinity":15,"f:89:28:89:29":6,"s:90:48:98:Infinity":16,"s:99:2:101:Infinity":17,"b:100:7:100:Infinity:101:6:101:Infinity":9,"b:99:9:99:37:99:37:99:Infinity":10,"s:104:27:132:Infinity":18,"f:104:27:104:28":7,"b:105:2:110:Infinity:undefined:undefined:undefined:undefined":11,"s:105:2:110:Infinity":19,"b:105:6:105:24:105:24:105:51":12,"s:106:4:109:Infinity":20,"s:112:22:112:Infinity":21,"b:114:2:119:Infinity:undefined:undefined:undefined:undefined":13,"s:114:2:119:Infinity":22,"b:114:6:114:33:114:33:114:63":14,"s:115:4:118:Infinity":23,"s:121:19:121:Infinity":24,"b:122:2:124:Infinity:undefined:undefined:undefined:undefined":15,"s:122:2:124:Infinity":25,"s:123:4:123:Infinity":26,"s:126:2:131:Infinity":27,"b:128:10:128:51:128:51:128:Infinity":16,"s:134:31:164:Infinity":28,"f:134:31:134:32":8,"b:135:2:140:Infinity:undefined:undefined:undefined:undefined":17,"s:135:2:140:Infinity":29,"b:135:6:135:24:135:24:135:51":18,"s:136:4:139:Infinity":30,"s:142:21:142:Infinity":31,"s:143:25:143:Infinity":32,"b:145:2:150:Infinity:undefined:undefined:undefined:undefined":19,"s:145:2:150:Infinity":33,"s:146:4:149:Infinity":34,"s:152:2:163:Infinity":35,"b:156:14:156:58:156:58:156:Infinity":20,"s:166:28:231:Infinity":36,"f:166:28:166:29":9,"b:167:2:172:Infinity:undefined:undefined:undefined:undefined":21,"s:167:2:172:Infinity":37,"b:167:6:167:24:167:24:167:51":22,"s:168:4:171:Infinity":38,"s:174:19:174:Infinity":39,"b:177:2:182:Infinity:undefined:undefined:undefined:undefined":23,"s:177:2:182:Infinity":40,"b:177:6:177:30:177:30:177:57":24,"s:178:4:181:Infinity":41,"b:184:2:189:Infinity:undefined:undefined:undefined:undefined":25,"s:184:2:189:Infinity":42,"b:184:6:184:29:184:29:184:55":26,"s:185:4:188:Infinity":43,"s:191:19:191:Infinity":44,"b:192:2:194:Infinity:undefined:undefined:undefined:undefined":27,"s:192:2:194:Infinity":45,"s:193:4:193:Infinity":46,"s:196:26:196:Infinity":47,"b:197:2:199:Infinity:undefined:undefined:undefined:undefined":28,"s:197:2:199:Infinity":48,"s:198:4:198:Infinity":49,"s:202:36:202:Infinity":50,"b:203:2:208:Infinity:undefined:undefined:undefined:undefined":29,"s:203:2:208:Infinity":51,"b:203:6:203:37:203:37:203:71":30,"s:204:29:204:Infinity":52,"b:205:4:207:Infinity:undefined:undefined:undefined:undefined":31,"s:205:4:207:Infinity":53,"s:206:6:206:Infinity":54,"s:210:2:230:Infinity":55,"b:214:10:214:48:214:48:214:Infinity":32,"b:215:12:215:50:215:50:215:Infinity":33,"b:219:10:219:48:219:48:219:Infinity":34,"b:223:11:223:Infinity:224:10:224:Infinity":35,"b:222:6:222:48:222:48:222:Infinity":36,"s:236:39:249:Infinity":56,"f:236:39:236:Infinity":10,"s:239:23:239:Infinity":57,"b:239:23:239:56:239:56:239:Infinity":37,"b:241:2:246:Infinity:undefined:undefined:undefined:undefined":38,"s:241:2:246:Infinity":58,"s:242:4:245:Infinity":59,"s:248:2:248:Infinity":60}}}
,"/Users/wilkerribeiro/.gemini/antigravity/playground/orbital-orion/src/shell/anti-detection/rate-limiter.ts": {"path":"/Users/wilkerribeiro/.gemini/antigravity/playground/orbital-orion/src/shell/anti-detection/rate-limiter.ts","statementMap":{"0":{"start":{"line":31,"column":33},"end":{"line":116,"column":null}},"1":{"start":{"line":32,"column":34},"end":{"line":37,"column":null}},"2":{"start":{"line":39,"column":23},"end":{"line":46,"column":null}},"3":{"start":{"line":40,"column":16},"end":{"line":40,"column":null}},"4":{"start":{"line":41,"column":20},"end":{"line":41,"column":null}},"5":{"start":{"line":42,"column":24},"end":{"line":42,"column":null}},"6":{"start":{"line":44,"column":4},"end":{"line":44,"column":null}},"7":{"start":{"line":45,"column":4},"end":{"line":45,"column":null}},"8":{"start":{"line":48,"column":30},"end":{"line":60,"column":null}},"9":{"start":{"line":49,"column":16},"end":{"line":49,"column":null}},"10":{"start":{"line":52,"column":4},"end":{"line":59,"column":null}},"11":{"start":{"line":54,"column":8},"end":{"line":55,"column":null}},"12":{"start":{"line":57,"column":6},"end":{"line":57,"column":null}},"13":{"start":{"line":58,"column":6},"end":{"line":58,"column":null}},"14":{"start":{"line":62,"column":19},"end":{"line":73,"column":null}},"15":{"start":{"line":63,"column":4},"end":{"line":65,"column":null}},"16":{"start":{"line":64,"column":6},"end":{"line":64,"column":null}},"17":{"start":{"line":67,"column":4},"end":{"line":70,"column":null}},"18":{"start":{"line":68,"column":6},"end":{"line":68,"column":null}},"19":{"start":{"line":69,"column":6},"end":{"line":69,"column":null}},"20":{"start":{"line":72,"column":4},"end":{"line":72,"column":null}},"21":{"start":{"line":75,"column":21},"end":{"line":93,"column":null}},"22":{"start":{"line":77,"column":4},"end":{"line":77,"column":null}},"23":{"start":{"line":79,"column":4},"end":{"line":81,"column":null}},"24":{"start":{"line":80,"column":6},"end":{"line":80,"column":null}},"25":{"start":{"line":84,"column":4},"end":{"line":84,"column":null}},"26":{"start":{"line":87,"column":4},"end":{"line":89,"column":null}},"27":{"start":{"line":88,"column":6},"end":{"line":88,"column":null}},"28":{"start":{"line":91,"column":4},"end":{"line":91,"column":null}},"29":{"start":{"line":92,"column":4},"end":{"line":92,"column":null}},"30":{"start":{"line":95,"column":20},"end":{"line":98,"column":null}},"31":{"start":{"line":96,"column":4},"end":{"line":96,"column":null}},"32":{"start":{"line":97,"column":4},"end":{"line":97,"column":null}},"33":{"start":{"line":100,"column":24},"end":{"line":100,"column":null}},"34":{"start":{"line":100,"column":45},"end":{"line":100,"column":null}},"35":{"start":{"line":102,"column":16},"end":{"line":107,"column":null}},"36":{"start":{"line":103,"column":4},"end":{"line":103,"column":null}},"37":{"start":{"line":104,"column":4},"end":{"line":104,"column":null}},"38":{"start":{"line":105,"column":4},"end":{"line":105,"column":null}},"39":{"start":{"line":106,"column":4},"end":{"line":106,"column":null}},"40":{"start":{"line":109,"column":2},"end":{"line":115,"column":null}}},"fnMap":{"0":{"name":"(anonymous_0)","decl":{"start":{"line":31,"column":33},"end":{"line":31,"column":34}},"loc":{"start":{"line":31,"column":77},"end":{"line":116,"column":null}},"line":31},"1":{"name":"(anonymous_1)","decl":{"start":{"line":39,"column":23},"end":{"line":39,"column":35}},"loc":{"start":{"line":39,"column":35},"end":{"line":46,"column":null}},"line":39},"2":{"name":"(anonymous_2)","decl":{"start":{"line":48,"column":30},"end":{"line":48,"column":42}},"loc":{"start":{"line":48,"column":42},"end":{"line":60,"column":null}},"line":48},"3":{"name":"(anonymous_3)","decl":{"start":{"line":62,"column":19},"end":{"line":62,"column":34}},"loc":{"start":{"line":62,"column":34},"end":{"line":73,"column":null}},"line":62},"4":{"name":"(anonymous_4)","decl":{"start":{"line":75,"column":21},"end":{"line":75,"column":22}},"loc":{"start":{"line":75,"column":49},"end":{"line":93,"column":null}},"line":75},"5":{"name":"(anonymous_5)","decl":{"start":{"line":95,"column":20},"end":{"line":95,"column":34}},"loc":{"start":{"line":95,"column":34},"end":{"line":98,"column":null}},"line":95},"6":{"name":"(anonymous_6)","decl":{"start":{"line":100,"column":24},"end":{"line":100,"column":45}},"loc":{"start":{"line":100,"column":45},"end":{"line":100,"column":null}},"line":100},"7":{"name":"(anonymous_7)","decl":{"start":{"line":102,"column":16},"end":{"line":102,"column":28}},"loc":{"start":{"line":102,"column":28},"end":{"line":107,"column":null}},"line":102}},"branchMap":{"0":{"loc":{"start":{"line":52,"column":4},"end":{"line":59,"column":null}},"type":"if","locations":[{"start":{"line":52,"column":4},"end":{"line":59,"column":null}},{"start":{},"end":{}}],"line":52},"1":{"loc":{"start":{"line":63,"column":4},"end":{"line":65,"column":null}},"type":"if","locations":[{"start":{"line":63,"column":4},"end":{"line":65,"column":null}},{"start":{},"end":{}}],"line":63},"2":{"loc":{"start":{"line":67,"column":4},"end":{"line":70,"column":null}},"type":"if","locations":[{"start":{"line":67,"column":4},"end":{"line":70,"column":null}},{"start":{},"end":{}}],"line":67},"3":{"loc":{"start":{"line":79,"column":4},"end":{"line":81,"column":null}},"type":"if","locations":[{"start":{"line":79,"column":4},"end":{"line":81,"column":null}},{"start":{},"end":{}}],"line":79},"4":{"loc":{"start":{"line":87,"column":4},"end":{"line":89,"column":null}},"type":"if","locations":[{"start":{"line":87,"column":4},"end":{"line":89,"column":null}},{"start":{},"end":{}}],"line":87}},"s":{"0":1,"1":11,"2":11,"3":11,"4":11,"5":11,"6":11,"7":11,"8":11,"9":11,"10":11,"11":5,"12":5,"13":5,"14":11,"15":17,"16":7,"17":10,"18":1,"19":1,"20":9,"21":11,"22":11,"23":11,"24":6,"25":5,"26":5,"27":1,"28":4,"29":4,"30":11,"31":6,"32":6,"33":11,"34":2,"35":11,"36":2,"37":2,"38":2,"39":2,"40":11},"f":{"0":11,"1":11,"2":11,"3":17,"4":11,"5":6,"6":2,"7":2},"b":{"0":[5,6],"1":[7,10],"2":[1,9],"3":[6,5],"4":[1,4]},"meta":{"lastBranch":5,"lastFunction":8,"lastStatement":41,"seen":{"s:31:33:116:Infinity":0,"f:31:33:31:34":0,"s:32:34:37:Infinity":1,"s:39:23:46:Infinity":2,"f:39:23:39:35":1,"s:40:16:40:Infinity":3,"s:41:20:41:Infinity":4,"s:42:24:42:Infinity":5,"s:44:4:44:Infinity":6,"s:45:4:45:Infinity":7,"s:48:30:60:Infinity":8,"f:48:30:48:42":2,"s:49:16:49:Infinity":9,"b:52:4:59:Infinity:undefined:undefined:undefined:undefined":0,"s:52:4:59:Infinity":10,"s:54:8:55:Infinity":11,"s:57:6:57:Infinity":12,"s:58:6:58:Infinity":13,"s:62:19:73:Infinity":14,"f:62:19:62:34":3,"b:63:4:65:Infinity:undefined:undefined:undefined:undefined":1,"s:63:4:65:Infinity":15,"s:64:6:64:Infinity":16,"b:67:4:70:Infinity:undefined:undefined:undefined:undefined":2,"s:67:4:70:Infinity":17,"s:68:6:68:Infinity":18,"s:69:6:69:Infinity":19,"s:72:4:72:Infinity":20,"s:75:21:93:Infinity":21,"f:75:21:75:22":4,"s:77:4:77:Infinity":22,"b:79:4:81:Infinity:undefined:undefined:undefined:undefined":3,"s:79:4:81:Infinity":23,"s:80:6:80:Infinity":24,"s:84:4:84:Infinity":25,"b:87:4:89:Infinity:undefined:undefined:undefined:undefined":4,"s:87:4:89:Infinity":26,"s:88:6:88:Infinity":27,"s:91:4:91:Infinity":28,"s:92:4:92:Infinity":29,"s:95:20:98:Infinity":30,"f:95:20:95:34":5,"s:96:4:96:Infinity":31,"s:97:4:97:Infinity":32,"s:100:24:100:Infinity":33,"f:100:24:100:45":6,"s:100:45:100:Infinity":34,"s:102:16:107:Infinity":35,"f:102:16:102:28":7,"s:103:4:103:Infinity":36,"s:104:4:104:Infinity":37,"s:105:4:105:Infinity":38,"s:106:4:106:Infinity":39,"s:109:2:115:Infinity":40}}}
,"/Users/wilkerribeiro/.gemini/antigravity/playground/orbital-orion/src/shell/anti-detection/scroller.ts": {"path":"/Users/wilkerribeiro/.gemini/antigravity/playground/orbital-orion/src/shell/anti-detection/scroller.ts","statementMap":{"0":{"start":{"line":20,"column":20},"end":{"line":39,"column":null}},"1":{"start":{"line":27,"column":20},"end":{"line":27,"column":null}},"2":{"start":{"line":28,"column":27},"end":{"line":28,"column":null}},"3":{"start":{"line":29,"column":25},"end":{"line":29,"column":null}},"4":{"start":{"line":30,"column":19},"end":{"line":30,"column":null}},"5":{"start":{"line":31,"column":17},"end":{"line":31,"column":null}},"6":{"start":{"line":33,"column":2},"end":{"line":37,"column":null}},"7":{"start":{"line":44,"column":15},"end":{"line":45,"column":null}},"8":{"start":{"line":45,"column":2},"end":{"line":45,"column":null}},"9":{"start":{"line":50,"column":20},"end":{"line":53,"column":null}},"10":{"start":{"line":51,"column":2},"end":{"line":53,"column":null}},"11":{"start":{"line":52,"column":4},"end":{"line":52,"column":null}},"12":{"start":{"line":58,"column":39},"end":{"line":123,"column":null}},"13":{"start":{"line":59,"column":24},"end":{"line":115,"column":null}},"14":{"start":{"line":64,"column":17},"end":{"line":64,"column":null}},"15":{"start":{"line":65,"column":27},"end":{"line":65,"column":null}},"16":{"start":{"line":66,"column":21},"end":{"line":66,"column":null}},"17":{"start":{"line":68,"column":26},"end":{"line":68,"column":null}},"18":{"start":{"line":69,"column":22},"end":{"line":69,"column":null}},"19":{"start":{"line":72,"column":4},"end":{"line":114,"column":null}},"20":{"start":{"line":73,"column":22},"end":{"line":111,"column":null}},"21":{"start":{"line":74,"column":24},"end":{"line":74,"column":null}},"22":{"start":{"line":75,"column":25},"end":{"line":75,"column":null}},"23":{"start":{"line":78,"column":30},"end":{"line":78,"column":null}},"24":{"start":{"line":80,"column":28},"end":{"line":80,"column":null}},"25":{"start":{"line":81,"column":8},"end":{"line":81,"column":null}},"26":{"start":{"line":83,"column":8},"end":{"line":110,"column":null}},"27":{"start":{"line":84,"column":10},"end":{"line":84,"column":null}},"28":{"start":{"line":87,"column":35},"end":{"line":87,"column":null}},"29":{"start":{"line":88,"column":30},"end":{"line":88,"column":null}},"30":{"start":{"line":90,"column":10},"end":{"line":109,"column":null}},"31":{"start":{"line":91,"column":12},"end":{"line":103,"column":null}},"32":{"start":{"line":93,"column":16},"end":{"line":96,"column":null}},"33":{"start":{"line":99,"column":16},"end":{"line":102,"column":null}},"34":{"start":{"line":105,"column":12},"end":{"line":108,"column":null}},"35":{"start":{"line":113,"column":6},"end":{"line":113,"column":null}},"36":{"start":{"line":117,"column":2},"end":{"line":122,"column":null}},"37":{"start":{"line":119,"column":6},"end":{"line":119,"column":null}},"38":{"start":{"line":121,"column":6},"end":{"line":121,"column":null}}},"fnMap":{"0":{"name":"(anonymous_0)","decl":{"start":{"line":20,"column":20},"end":{"line":20,"column":null}},"loc":{"start":{"line":26,"column":13},"end":{"line":39,"column":null}},"line":26},"1":{"name":"(anonymous_1)","decl":{"start":{"line":44,"column":15},"end":{"line":44,"column":16}},"loc":{"start":{"line":45,"column":2},"end":{"line":45,"column":null}},"line":45},"2":{"name":"(anonymous_2)","decl":{"start":{"line":50,"column":20},"end":{"line":50,"column":21}},"loc":{"start":{"line":51,"column":2},"end":{"line":53,"column":null}},"line":51},"3":{"name":"(anonymous_3)","decl":{"start":{"line":51,"column":14},"end":{"line":51,"column":15}},"loc":{"start":{"line":51,"column":27},"end":{"line":53,"column":3}},"line":51},"4":{"name":"(anonymous_4)","decl":{"start":{"line":58,"column":39},"end":{"line":58,"column":64}},"loc":{"start":{"line":58,"column":64},"end":{"line":123,"column":null}},"line":58},"5":{"name":"(anonymous_5)","decl":{"start":{"line":59,"column":24},"end":{"line":59,"column":null}},"loc":{"start":{"line":63,"column":30},"end":{"line":115,"column":null}},"line":63},"6":{"name":"(anonymous_6)","decl":{"start":{"line":72,"column":23},"end":{"line":72,"column":24}},"loc":{"start":{"line":72,"column":36},"end":{"line":114,"column":5}},"line":72},"7":{"name":"(anonymous_7)","decl":{"start":{"line":73,"column":22},"end":{"line":73,"column":23}},"loc":{"start":{"line":73,"column":53},"end":{"line":111,"column":null}},"line":73},"8":{"name":"(anonymous_8)","decl":{"start":{"line":92,"column":20},"end":{"line":92,"column":26}},"loc":{"start":{"line":92,"column":26},"end":{"line":97,"column":15}},"line":92},"9":{"name":"(anonymous_9)","decl":{"start":{"line":98,"column":21},"end":{"line":98,"column":27}},"loc":{"start":{"line":98,"column":27},"end":{"line":103,"column":15}},"line":98},"10":{"name":"(anonymous_10)","decl":{"start":{"line":118,"column":14},"end":{"line":118,"column":15}},"loc":{"start":{"line":119,"column":6},"end":{"line":119,"column":null}},"line":119},"11":{"name":"(anonymous_11)","decl":{"start":{"line":120,"column":16},"end":{"line":120,"column":17}},"loc":{"start":{"line":121,"column":6},"end":{"line":121,"column":null}},"line":121}},"branchMap":{"0":{"loc":{"start":{"line":64,"column":17},"end":{"line":64,"column":null}},"type":"cond-expr","locations":[{"start":{"line":64,"column":38},"end":{"line":64,"column":43}},{"start":{"line":64,"column":43},"end":{"line":64,"column":null}}],"line":64},"1":{"loc":{"start":{"line":83,"column":8},"end":{"line":110,"column":null}},"type":"if","locations":[{"start":{"line":83,"column":8},"end":{"line":110,"column":null}},{"start":{"line":85,"column":15},"end":{"line":110,"column":null}}],"line":83},"2":{"loc":{"start":{"line":90,"column":10},"end":{"line":109,"column":null}},"type":"if","locations":[{"start":{"line":90,"column":10},"end":{"line":109,"column":null}},{"start":{"line":104,"column":17},"end":{"line":109,"column":null}}],"line":90}},"s":{"0":1,"1":203,"2":203,"3":203,"4":203,"5":203,"6":203,"7":1,"8":16,"9":1,"10":3,"11":3,"12":1,"13":5,"14":8,"15":8,"16":8,"17":8,"18":8,"19":8,"20":8,"21":203,"22":203,"23":203,"24":203,"25":203,"26":203,"27":195,"28":8,"29":8,"30":8,"31":3,"32":3,"33":0,"34":5,"35":8,"36":5,"37":7,"38":1},"f":{"0":203,"1":16,"2":3,"3":3,"4":5,"5":8,"6":8,"7":203,"8":3,"9":0,"10":7,"11":1},"b":{"0":[7,1],"1":[195,8],"2":[3,5]},"meta":{"lastBranch":3,"lastFunction":12,"lastStatement":39,"seen":{"s:20:20:39:Infinity":0,"f:20:20:20:Infinity":0,"s:27:20:27:Infinity":1,"s:28:27:28:Infinity":2,"s:29:25:29:Infinity":3,"s:30:19:30:Infinity":4,"s:31:17:31:Infinity":5,"s:33:2:37:Infinity":6,"s:44:15:45:Infinity":7,"f:44:15:44:16":1,"s:45:2:45:Infinity":8,"s:50:20:53:Infinity":9,"f:50:20:50:21":2,"s:51:2:53:Infinity":10,"f:51:14:51:15":3,"s:52:4:52:Infinity":11,"s:58:39:123:Infinity":12,"f:58:39:58:64":4,"s:59:24:115:Infinity":13,"f:59:24:59:Infinity":5,"s:64:17:64:Infinity":14,"b:64:38:64:43:64:43:64:Infinity":0,"s:65:27:65:Infinity":15,"s:66:21:66:Infinity":16,"s:68:26:68:Infinity":17,"s:69:22:69:Infinity":18,"s:72:4:114:Infinity":19,"f:72:23:72:24":6,"s:73:22:111:Infinity":20,"f:73:22:73:23":7,"s:74:24:74:Infinity":21,"s:75:25:75:Infinity":22,"s:78:30:78:Infinity":23,"s:80:28:80:Infinity":24,"s:81:8:81:Infinity":25,"b:83:8:110:Infinity:85:15:110:Infinity":1,"s:83:8:110:Infinity":26,"s:84:10:84:Infinity":27,"s:87:35:87:Infinity":28,"s:88:30:88:Infinity":29,"b:90:10:109:Infinity:104:17:109:Infinity":2,"s:90:10:109:Infinity":30,"s:91:12:103:Infinity":31,"f:92:20:92:26":8,"s:93:16:96:Infinity":32,"f:98:21:98:27":9,"s:99:16:102:Infinity":33,"s:105:12:108:Infinity":34,"s:113:6:113:Infinity":35,"s:117:2:122:Infinity":36,"f:118:14:118:15":10,"s:119:6:119:Infinity":37,"f:120:16:120:17":11,"s:121:6:121:Infinity":38}}}
,"/Users/wilkerribeiro/.gemini/antigravity/playground/orbital-orion/src/shell/anti-detection/version-guard.ts": {"path":"/Users/wilkerribeiro/.gemini/antigravity/playground/orbital-orion/src/shell/anti-detection/version-guard.ts","statementMap":{"0":{"start":{"line":20,"column":24},"end":{"line":49,"column":null}},"1":{"start":{"line":21,"column":26},"end":{"line":21,"column":null}},"2":{"start":{"line":23,"column":2},"end":{"line":39,"column":null}},"3":{"start":{"line":24,"column":20},"end":{"line":24,"column":null}},"4":{"start":{"line":25,"column":4},"end":{"line":38,"column":null}},"5":{"start":{"line":27,"column":22},"end":{"line":27,"column":null}},"6":{"start":{"line":28,"column":25},"end":{"line":28,"column":null}},"7":{"start":{"line":29,"column":24},"end":{"line":33,"column":null}},"8":{"start":{"line":30,"column":26},"end":{"line":30,"column":55}},"9":{"start":{"line":31,"column":23},"end":{"line":31,"column":51}},"10":{"start":{"line":35,"column":6},"end":{"line":35,"column":null}},"11":{"start":{"line":37,"column":6},"end":{"line":37,"column":null}},"12":{"start":{"line":42,"column":14},"end":{"line":42,"column":null}},"13":{"start":{"line":43,"column":15},"end":{"line":46,"column":null}},"14":{"start":{"line":44,"column":17},"end":{"line":44,"column":null}},"15":{"start":{"line":45,"column":4},"end":{"line":45,"column":null}},"16":{"start":{"line":48,"column":2},"end":{"line":48,"column":null}},"17":{"start":{"line":54,"column":46},"end":{"line":61,"column":null}},"18":{"start":{"line":63,"column":20},"end":{"line":63,"column":null}},"19":{"start":{"line":65,"column":34},"end":{"line":110,"column":null}},"20":{"start":{"line":66,"column":47},"end":{"line":66,"column":null}},"21":{"start":{"line":69,"column":25},"end":{"line":75,"column":null}},"22":{"start":{"line":70,"column":4},"end":{"line":74,"column":null}},"23":{"start":{"line":71,"column":6},"end":{"line":71,"column":null}},"24":{"start":{"line":73,"column":6},"end":{"line":73,"column":null}},"25":{"start":{"line":77,"column":2},"end":{"line":77,"column":null}},"26":{"start":{"line":79,"column":16},"end":{"line":92,"column":null}},"27":{"start":{"line":80,"column":24},"end":{"line":80,"column":null}},"28":{"start":{"line":83,"column":4},"end":{"line":86,"column":null}},"29":{"start":{"line":84,"column":6},"end":{"line":84,"column":null}},"30":{"start":{"line":85,"column":6},"end":{"line":85,"column":null}},"31":{"start":{"line":89,"column":25},"end":{"line":89,"column":null}},"32":{"start":{"line":91,"column":4},"end":{"line":91,"column":null}},"33":{"start":{"line":94,"column":24},"end":{"line":94,"column":null}},"34":{"start":{"line":94,"column":45},"end":{"line":94,"column":null}},"35":{"start":{"line":96,"column":21},"end":{"line":103,"column":null}},"36":{"start":{"line":97,"column":4},"end":{"line":97,"column":null}},"37":{"start":{"line":98,"column":4},"end":{"line":102,"column":null}},"38":{"start":{"line":99,"column":6},"end":{"line":99,"column":null}},"39":{"start":{"line":105,"column":2},"end":{"line":109,"column":null}}},"fnMap":{"0":{"name":"(anonymous_0)","decl":{"start":{"line":20,"column":24},"end":{"line":20,"column":25}},"loc":{"start":{"line":20,"column":66},"end":{"line":49,"column":null}},"line":20},"1":{"name":"(anonymous_1)","decl":{"start":{"line":30,"column":16},"end":{"line":30,"column":17}},"loc":{"start":{"line":30,"column":26},"end":{"line":30,"column":55}},"line":30},"2":{"name":"(anonymous_2)","decl":{"start":{"line":31,"column":13},"end":{"line":31,"column":14}},"loc":{"start":{"line":31,"column":23},"end":{"line":31,"column":51}},"line":31},"3":{"name":"(anonymous_3)","decl":{"start":{"line":43,"column":38},"end":{"line":43,"column":39}},"loc":{"start":{"line":43,"column":53},"end":{"line":46,"column":5}},"line":43},"4":{"name":"(anonymous_4)","decl":{"start":{"line":65,"column":34},"end":{"line":65,"column":54}},"loc":{"start":{"line":65,"column":54},"end":{"line":110,"column":null}},"line":65},"5":{"name":"(anonymous_5)","decl":{"start":{"line":69,"column":25},"end":{"line":69,"column":37}},"loc":{"start":{"line":69,"column":37},"end":{"line":75,"column":null}},"line":69},"6":{"name":"(anonymous_6)","decl":{"start":{"line":79,"column":16},"end":{"line":79,"column":42}},"loc":{"start":{"line":79,"column":42},"end":{"line":92,"column":null}},"line":79},"7":{"name":"(anonymous_7)","decl":{"start":{"line":94,"column":24},"end":{"line":94,"column":45}},"loc":{"start":{"line":94,"column":45},"end":{"line":94,"column":null}},"line":94},"8":{"name":"(anonymous_8)","decl":{"start":{"line":96,"column":21},"end":{"line":96,"column":22}},"loc":{"start":{"line":96,"column":45},"end":{"line":103,"column":null}},"line":96}},"branchMap":{"0":{"loc":{"start":{"line":25,"column":4},"end":{"line":38,"column":null}},"type":"if","locations":[{"start":{"line":25,"column":4},"end":{"line":38,"column":null}},{"start":{"line":36,"column":11},"end":{"line":38,"column":null}}],"line":25},"1":{"loc":{"start":{"line":83,"column":4},"end":{"line":86,"column":null}},"type":"if","locations":[{"start":{"line":83,"column":4},"end":{"line":86,"column":null}},{"start":{},"end":{}}],"line":83}},"s":{"0":0,"1":0,"2":0,"3":0,"4":0,"5":0,"6":0,"7":0,"8":0,"9":0,"10":0,"11":0,"12":0,"13":0,"14":0,"15":0,"16":0,"17":0,"18":0,"19":0,"20":0,"21":0,"22":0,"23":0,"24":0,"25":0,"26":0,"27":0,"28":0,"29":0,"30":0,"31":0,"32":0,"33":0,"34":0,"35":0,"36":0,"37":0,"38":0,"39":0},"f":{"0":0,"1":0,"2":0,"3":0,"4":0,"5":0,"6":0,"7":0,"8":0},"b":{"0":[0,0],"1":[0,0]},"meta":{"lastBranch":2,"lastFunction":9,"lastStatement":40,"seen":{"s:20:24:49:Infinity":0,"f:20:24:20:25":0,"s:21:26:21:Infinity":1,"s:23:2:39:Infinity":2,"s:24:20:24:Infinity":3,"b:25:4:38:Infinity:36:11:38:Infinity":0,"s:25:4:38:Infinity":4,"s:27:22:27:Infinity":5,"s:28:25:28:Infinity":6,"s:29:24:33:Infinity":7,"f:30:16:30:17":1,"s:30:26:30:55":8,"f:31:13:31:14":2,"s:31:23:31:51":9,"s:35:6:35:Infinity":10,"s:37:6:37:Infinity":11,"s:42:14:42:Infinity":12,"s:43:15:46:Infinity":13,"f:43:38:43:39":3,"s:44:17:44:Infinity":14,"s:45:4:45:Infinity":15,"s:48:2:48:Infinity":16,"s:54:46:61:Infinity":17,"s:63:20:63:Infinity":18,"s:65:34:110:Infinity":19,"f:65:34:65:54":4,"s:66:47:66:Infinity":20,"s:69:25:75:Infinity":21,"f:69:25:69:37":5,"s:70:4:74:Infinity":22,"s:71:6:71:Infinity":23,"s:73:6:73:Infinity":24,"s:77:2:77:Infinity":25,"s:79:16:92:Infinity":26,"f:79:16:79:42":6,"s:80:24:80:Infinity":27,"b:83:4:86:Infinity:undefined:undefined:undefined:undefined":1,"s:83:4:86:Infinity":28,"s:84:6:84:Infinity":29,"s:85:6:85:Infinity":30,"s:89:25:89:Infinity":31,"s:91:4:91:Infinity":32,"s:94:24:94:Infinity":33,"f:94:24:94:45":7,"s:94:45:94:Infinity":34,"s:96:21:103:Infinity":35,"f:96:21:96:22":8,"s:97:4:97:Infinity":36,"s:98:4:102:Infinity":37,"s:99:6:99:Infinity":38,"s:105:2:109:Infinity":39}}}
}
